[2026-04-16T03:53:54.640+0000] {local_task_job_runner.py:120} INFO - ::group::Pre task execution logs
[2026-04-16T03:53:54.667+0000] {taskinstance.py:2073} INFO - Dependencies all met for dep_context=non-requeueable deps ti=<TaskInstance: conditional_dataset_and_time_based_timetable.conditional_dataset_and_time_based_timetable scheduled__2026-04-15T01:00:00+00:00 [queued]>
[2026-04-16T03:53:54.674+0000] {taskinstance.py:2073} INFO - Dependencies all met for dep_context=requeueable deps ti=<TaskInstance: conditional_dataset_and_time_based_timetable.conditional_dataset_and_time_based_timetable scheduled__2026-04-15T01:00:00+00:00 [queued]>
[2026-04-16T03:53:54.674+0000] {taskinstance.py:2303} INFO - Starting attempt 1 of 1
[2026-04-16T03:53:54.686+0000] {taskinstance.py:2327} INFO - Executing <Task(BashOperator): conditional_dataset_and_time_based_timetable> on 2026-04-15 01:00:00+00:00
[2026-04-16T03:53:54.693+0000] {warnings.py:110} WARNING - /home/***/.local/lib/python3.12/site-packages/***/task/task_runner/standard_task_runner.py:61: DeprecationWarning: This process (pid=136) is multi-threaded, use of fork() may lead to deadlocks in the child.
  pid = os.fork()

[2026-04-16T03:53:54.695+0000] {standard_task_runner.py:63} INFO - Started process 138 to run task
[2026-04-16T03:53:54.695+0000] {standard_task_runner.py:90} INFO - Running: ['***', 'tasks', 'run', 'conditional_dataset_and_time_based_timetable', 'conditional_dataset_and_time_based_timetable', 'scheduled__2026-04-15T01:00:00+00:00', '--job-id', '6', '--raw', '--subdir', '/home/***/.local/lib/python3.12/site-packages/***/example_dags/example_datasets.py', '--cfg-path', '/tmp/tmpvvkqdd5x']
[2026-04-16T03:53:54.698+0000] {standard_task_runner.py:91} INFO - Job 6: Subtask conditional_dataset_and_time_based_timetable
[2026-04-16T03:53:54.748+0000] {task_command.py:426} INFO - Running <TaskInstance: conditional_dataset_and_time_based_timetable.conditional_dataset_and_time_based_timetable scheduled__2026-04-15T01:00:00+00:00 [running]> on host 01ce103bc392
[2026-04-16T03:53:54.837+0000] {taskinstance.py:2644} INFO - Exporting env vars: AIRFLOW_CTX_DAG_OWNER='***' AIRFLOW_CTX_DAG_ID='conditional_dataset_and_time_based_timetable' AIRFLOW_CTX_TASK_ID='conditional_dataset_and_time_based_timetable' AIRFLOW_CTX_EXECUTION_DATE='2026-04-15T01:00:00+00:00' AIRFLOW_CTX_TRY_NUMBER='1' AIRFLOW_CTX_DAG_RUN_ID='scheduled__2026-04-15T01:00:00+00:00'
[2026-04-16T03:53:54.839+0000] {taskinstance.py:430} INFO - ::endgroup::
[2026-04-16T03:53:54.854+0000] {subprocess.py:63} INFO - Tmp dir root location: /tmp
[2026-04-16T03:53:54.855+0000] {subprocess.py:75} INFO - Running command: ['/usr/bin/bash', '-c', 'sleep 5']
[2026-04-16T03:53:54.870+0000] {subprocess.py:86} INFO - Output:
[2026-04-16T03:53:59.898+0000] {subprocess.py:97} INFO - Command exited with return code 0
[2026-04-16T03:53:59.900+0000] {taskinstance.py:441} INFO - ::group::Post task execution logs
[2026-04-16T03:53:59.920+0000] {warnings.py:110} WARNING - /home/***/.local/lib/python3.12/site-packages/***/models/baseoperator.py:1564: RemovedInAirflow3Warning: Passing 'execution_date' to 'TaskInstance.xcom_push()' is deprecated.
  context["ti"].xcom_push(key=key, value=value, execution_date=execution_date)

[2026-04-16T03:53:59.939+0000] {taskinstance.py:1205} INFO - Marking task as SUCCESS. dag_id=conditional_dataset_and_time_based_timetable, task_id=conditional_dataset_and_time_based_timetable, execution_date=20260415T010000, start_date=20260416T035354, end_date=20260416T035359
[2026-04-16T03:53:59.971+0000] {local_task_job_runner.py:240} INFO - Task exited with return code 0
[2026-04-16T03:53:59.986+0000] {taskinstance.py:3482} INFO - 0 downstream tasks scheduled from follow-on schedule check
[2026-04-16T03:53:59.987+0000] {local_task_job_runner.py:222} INFO - ::endgroup::
